<?xml version="1.0"?>
<testsuite name="HeadlessChrome 74.0.3729 (Mac OS X 10.14.5)" package="" timestamp="2019-05-26T19:05:20" id="0" hostname="Ahmeds-MBP" tests="7" errors="0" failures="0" time="0.306">
  <properties>
    <property name="browser.fullName" value="Mozilla/5.0 (Macintosh; Intel Mac OS X 10_14_5) AppleWebKit/537.36 (KHTML, like Gecko) HeadlessChrome/74.0.3729.169 Safari/537.36"/>
  </properties>
  <testcase name="AppComponent should create the app" time="0.125" classname="HeadlessChrome_74_0_3729_(Mac_OS_X_10_14_5).AppComponent"/>
  <testcase name="AppComponent should have as title 'monitoringdashboard'" time="0.064" classname="HeadlessChrome_74_0_3729_(Mac_OS_X_10_14_5).AppComponent"/>
  <testcase name="CustomerdashboardComponent should create" time="0.036" classname="HeadlessChrome_74_0_3729_(Mac_OS_X_10_14_5).CustomerdashboardComponent"/>
  <testcase name="CustomerdashboardComponent verify number of customers and vehciles" time="0.051" classname="HeadlessChrome_74_0_3729_(Mac_OS_X_10_14_5).CustomerdashboardComponent"/>
  <testcase name="FooterComponent should create" time="0.01" classname="HeadlessChrome_74_0_3729_(Mac_OS_X_10_14_5).FooterComponent"/>
  <testcase name="HeaderComponent should create" time="0.013" classname="HeadlessChrome_74_0_3729_(Mac_OS_X_10_14_5).HeaderComponent"/>
  <testcase name="CustomervehiclesmanagerserviceService should be created" time="0.007" classname="HeadlessChrome_74_0_3729_(Mac_OS_X_10_14_5).CustomervehiclesmanagerserviceService"/>
  <system-out>
    <![CDATA[HeadlessChrome 74.0.3729 (Mac OS X 10.14.5) LOG: 'moc called'
,HeadlessChrome 74.0.3729 (Mac OS X 10.14.5) LOG: 'customersAdded [object Object],[object Object],[object Object]'

]]>
  </system-out>
  <system-err/>
</testsuite>